0 info it worked if it ends with ok
1 verbose cli [ 'C:\\Program Files\\nodejs\\node.exe',
1 verbose cli   'C:\\Program Files\\nodejs\\node_modules\\npm\\bin\\npm-cli.js',
1 verbose cli   'install',
1 verbose cli   'angular-ui-bootstrap-tpls',
1 verbose cli   '-service' ]
2 info using npm@2.14.7
3 info using node@v4.2.2
4 verbose install initial load of D:\03_Src\spring\Employee\src\main\webapp\WEB-INF\package.json
5 warn package.json employee@1.0.0 No description
6 warn package.json employee@1.0.0 No repository field.
7 warn package.json employee@1.0.0 No README data
8 verbose installManyTop reading scoped package data from D:\03_Src\spring\Employee\src\main\webapp\WEB-INF\node_modules\angular\package.json
9 verbose installManyTop reading scoped package data from D:\03_Src\spring\Employee\src\main\webapp\WEB-INF\node_modules\angular-animate\package.json
10 verbose installManyTop reading scoped package data from D:\03_Src\spring\Employee\src\main\webapp\WEB-INF\node_modules\angular-loading-bar\package.json
11 verbose installManyTop reading scoped package data from D:\03_Src\spring\Employee\src\main\webapp\WEB-INF\node_modules\angular-route\package.json
12 verbose installManyTop reading scoped package data from D:\03_Src\spring\Employee\src\main\webapp\WEB-INF\node_modules\angular-touch\package.json
13 verbose installManyTop reading scoped package data from D:\03_Src\spring\Employee\src\main\webapp\WEB-INF\node_modules\angular-ui-bootstrap\package.json
14 verbose installManyTop reading scoped package data from D:\03_Src\spring\Employee\src\main\webapp\WEB-INF\node_modules\bootstrap\package.json
15 verbose installManyTop reading scoped package data from D:\03_Src\spring\Employee\src\main\webapp\WEB-INF\node_modules\font-awesome\package.json
16 verbose installManyTop reading scoped package data from D:\03_Src\spring\Employee\src\main\webapp\WEB-INF\node_modules\jquery\package.json
17 verbose installManyTop reading scoped package data from D:\03_Src\spring\Employee\src\main\webapp\WEB-INF\node_modules\metismenu\package.json
18 info package.json jquery@2.1.4 No license field.
19 verbose readDependencies loading dependencies from D:\03_Src\spring\Employee\src\main\webapp\WEB-INF\package.json
20 silly cache add args [ 'angular-ui-bootstrap-tpls', null ]
21 verbose cache add spec angular-ui-bootstrap-tpls
22 silly cache add parsed spec Result {
22 silly cache add   raw: 'angular-ui-bootstrap-tpls',
22 silly cache add   scope: null,
22 silly cache add   name: 'angular-ui-bootstrap-tpls',
22 silly cache add   rawSpec: '',
22 silly cache add   spec: '*',
22 silly cache add   type: 'range' }
23 silly addNamed angular-ui-bootstrap-tpls@*
24 verbose addNamed "*" is a valid semver range for angular-ui-bootstrap-tpls
25 silly addNameRange { name: 'angular-ui-bootstrap-tpls', range: '*', hasData: false }
26 silly mapToRegistry name angular-ui-bootstrap-tpls
27 silly mapToRegistry using default registry
28 silly mapToRegistry registry https://registry.npmjs.org/
29 silly mapToRegistry uri https://registry.npmjs.org/angular-ui-bootstrap-tpls
30 verbose addNameRange registry:https://registry.npmjs.org/angular-ui-bootstrap-tpls not in flight; fetching
31 verbose request uri https://registry.npmjs.org/angular-ui-bootstrap-tpls
32 verbose request no auth needed
33 info attempt registry request try #1 at 14:23:49
34 verbose request id 8edf5860384d6f3e
35 http request GET https://registry.npmjs.org/angular-ui-bootstrap-tpls
36 http 404 https://registry.npmjs.org/angular-ui-bootstrap-tpls
37 verbose headers { 'content-type': 'application/json',
37 verbose headers   'cache-control': 'max-age=0',
37 verbose headers   'content-length': '2',
37 verbose headers   'accept-ranges': 'bytes',
37 verbose headers   date: 'Thu, 17 Dec 2015 05:23:36 GMT',
37 verbose headers   via: '1.1 varnish',
37 verbose headers   age: '0',
37 verbose headers   connection: 'keep-alive',
37 verbose headers   'x-served-by': 'cache-nrt6124-NRT',
37 verbose headers   'x-cache': 'MISS',
37 verbose headers   'x-cache-hits': '0',
37 verbose headers   'x-timer': 'S1450329815.380311,VS0,VE705' }
38 silly get cb [ 404,
38 silly get   { 'content-type': 'application/json',
38 silly get     'cache-control': 'max-age=0',
38 silly get     'content-length': '2',
38 silly get     'accept-ranges': 'bytes',
38 silly get     date: 'Thu, 17 Dec 2015 05:23:36 GMT',
38 silly get     via: '1.1 varnish',
38 silly get     age: '0',
38 silly get     connection: 'keep-alive',
38 silly get     'x-served-by': 'cache-nrt6124-NRT',
38 silly get     'x-cache': 'MISS',
38 silly get     'x-cache-hits': '0',
38 silly get     'x-timer': 'S1450329815.380311,VS0,VE705' } ]
39 verbose stack Error: Registry returned 404 for GET on https://registry.npmjs.org/angular-ui-bootstrap-tpls
39 verbose stack     at makeError (C:\Program Files\nodejs\node_modules\npm\node_modules\npm-registry-client\lib\request.js:264:12)
39 verbose stack     at CachingRegistryClient.<anonymous> (C:\Program Files\nodejs\node_modules\npm\node_modules\npm-registry-client\lib\request.js:242:14)
39 verbose stack     at Request._callback (C:\Program Files\nodejs\node_modules\npm\node_modules\npm-registry-client\lib\request.js:172:14)
39 verbose stack     at Request.self.callback (C:\Program Files\nodejs\node_modules\npm\node_modules\request\request.js:198:22)
39 verbose stack     at emitTwo (events.js:87:13)
39 verbose stack     at Request.emit (events.js:172:7)
39 verbose stack     at Request.<anonymous> (C:\Program Files\nodejs\node_modules\npm\node_modules\request\request.js:1063:14)
39 verbose stack     at emitOne (events.js:82:20)
39 verbose stack     at Request.emit (events.js:169:7)
39 verbose stack     at IncomingMessage.<anonymous> (C:\Program Files\nodejs\node_modules\npm\node_modules\request\request.js:1009:12)
40 verbose statusCode 404
41 verbose pkgid angular-ui-bootstrap-tpls
42 verbose cwd D:\03_Src\spring\Employee\src\main\webapp\WEB-INF
43 error Windows_NT 6.3.9600
44 error argv "C:\\Program Files\\nodejs\\node.exe" "C:\\Program Files\\nodejs\\node_modules\\npm\\bin\\npm-cli.js" "install" "angular-ui-bootstrap-tpls" "-service"
45 error node v4.2.2
46 error npm  v2.14.7
47 error code E404
48 error 404 Registry returned 404 for GET on https://registry.npmjs.org/angular-ui-bootstrap-tpls
48 error 404
48 error 404 'angular-ui-bootstrap-tpls' is not in the npm registry.
48 error 404 You should bug the author to publish it (or use the name yourself!)
48 error 404 It was specified as a dependency of 'employee'
48 error 404
48 error 404 Note that you can also install from a
48 error 404 tarball, folder, http url, or git url.
49 verbose exit [ 1, true ]
